<?xml version="1.0" encoding="UTF-8"?>
<coverage generated="1586143648916" clover="3.2.0">
  <project timestamp="1586143648916" name="All files">
    <metrics statements="23" coveredstatements="18" conditionals="15" coveredconditionals="8" methods="8" coveredmethods="3" elements="46" coveredelements="29" complexity="0" loc="23" ncloc="23" packages="2" files="3" classes="3"/>
    <package name="src">
      <metrics statements="5" coveredstatements="5" conditionals="0" coveredconditionals="0" methods="1" coveredmethods="1"/>
      <file name="client.ts" path="/Users/david.hayes/Code/experiments/analytics/src/client.ts">
        <metrics statements="5" coveredstatements="5" conditionals="0" coveredconditionals="0" methods="1" coveredmethods="1"/>
        <line num="1" count="1" type="stmt"/>
        <line num="9" count="1" type="stmt"/>
        <line num="10" count="1" type="stmt"/>
        <line num="12" count="1" type="stmt"/>
        <line num="17" count="1" type="stmt"/>
      </file>
    </package>
    <package name="src.context">
      <metrics statements="18" coveredstatements="13" conditionals="15" coveredconditionals="8" methods="7" coveredmethods="2"/>
      <file name="index.ts" path="/Users/david.hayes/Code/experiments/analytics/src/context/index.ts">
        <metrics statements="9" coveredstatements="9" conditionals="6" coveredconditionals="3" methods="1" coveredmethods="1"/>
        <line num="1" count="1" type="stmt"/>
        <line num="2" count="1" type="stmt"/>
        <line num="70" count="1" type="stmt"/>
        <line num="71" count="1" type="cond" truecount="1" falsecount="1"/>
        <line num="73" count="1" type="stmt"/>
        <line num="74" count="1" type="stmt"/>
        <line num="75" count="1" type="stmt"/>
        <line num="76" count="1" type="stmt"/>
        <line num="78" count="1" type="stmt"/>
      </file>
      <file name="utils.ts" path="/Users/david.hayes/Code/experiments/analytics/src/context/utils.ts">
        <metrics statements="9" coveredstatements="4" conditionals="9" coveredconditionals="5" methods="6" coveredmethods="1"/>
        <line num="6" count="1" type="stmt"/>
        <line num="7" count="1" type="stmt"/>
        <line num="9" count="1" type="cond" truecount="1" falsecount="1"/>
        <line num="10" count="1" type="cond" truecount="4" falsecount="1"/>
        <line num="11" count="0" type="stmt"/>
        <line num="13" count="0" type="cond" truecount="0" falsecount="2"/>
        <line num="16" count="0" type="stmt"/>
        <line num="21" count="0" type="stmt"/>
        <line num="23" count="0" type="stmt"/>
      </file>
    </package>
  </project>
</coverage>
