{"/Users/david.hayes/Code/experiments/analytics/src/client.ts": {"path":"/Users/david.hayes/Code/experiments/analytics/src/client.ts","statementMap":{"0":{"start":{"line":1,"column":0},"end":{"line":1,"column":56}},"1":{"start":{"line":10,"column":18},"end":{"line":10,"column":30}},"2":{"start":{"line":12,"column":34},"end":{"line":15,"column":null}},"3":{"start":{"line":17,"column":2},"end":{"line":17,"column":null}},"4":{"start":{"line":9,"column":0},"end":{"line":9,"column":24}}},"fnMap":{"0":{"name":"createClient","decl":{"start":{"line":9,"column":24},"end":{"line":9,"column":36}},"loc":{"start":{"line":9,"column":36},"end":{"line":18,"column":1}}}},"branchMap":{},"s":{"0":1,"1":1,"2":1,"3":1,"4":1},"f":{"0":1},"b":{}}
,"/Users/david.hayes/Code/experiments/analytics/src/context/index.ts": {"path":"/Users/david.hayes/Code/experiments/analytics/src/context/index.ts","statementMap":{"0":{"start":{"line":1,"column":0},"end":{"line":1,"column":32}},"1":{"start":{"line":2,"column":0},"end":{"line":2,"column":40}},"2":{"start":{"line":71,"column":2},"end":{"line":71,"column":null}},"3":{"start":{"line":71,"column":35},"end":{"line":71,"column":null}},"4":{"start":{"line":73,"column":13},"end":{"line":73,"column":57}},"5":{"start":{"line":74,"column":17},"end":{"line":74,"column":69}},"6":{"start":{"line":75,"column":19},"end":{"line":75,"column":36}},"7":{"start":{"line":76,"column":17},"end":{"line":76,"column":41}},"8":{"start":{"line":78,"column":2},"end":{"line":97,"column":null}},"9":{"start":{"line":70,"column":0},"end":{"line":70,"column":16}}},"fnMap":{"0":{"name":"getContext","decl":{"start":{"line":70,"column":16},"end":{"line":70,"column":26}},"loc":{"start":{"line":70,"column":26},"end":{"line":98,"column":1}}}},"branchMap":{"0":{"loc":{"start":{"line":71,"column":2},"end":{"line":71,"column":null}},"type":"if","locations":[{"start":{"line":71,"column":2},"end":{"line":71,"column":null}},{"start":{"line":71,"column":2},"end":{"line":71,"column":null}}]},"1":{"loc":{"start":{"line":85,"column":13},"end":{"line":85,"column":32}},"type":"binary-expr","locations":[{"start":{"line":85,"column":13},"end":{"line":85,"column":32}},{"start":{"line":85,"column":36},"end":{"line":85,"column":40}}]},"2":{"loc":{"start":{"line":86,"column":20},"end":{"line":86,"column":42}},"type":"binary-expr","locations":[{"start":{"line":86,"column":20},"end":{"line":86,"column":42}},{"start":{"line":86,"column":46},"end":{"line":86,"column":50}}]}},"s":{"0":1,"1":1,"2":1,"3":0,"4":1,"5":1,"6":1,"7":1,"8":1,"9":1},"f":{"0":1},"b":{"0":[0,1],"1":[1,0],"2":[1,0]}}
,"/Users/david.hayes/Code/experiments/analytics/src/context/utils.ts": {"path":"/Users/david.hayes/Code/experiments/analytics/src/context/utils.ts","statementMap":{"0":{"start":{"line":7,"column":30},"end":{"line":7,"column":32}},"1":{"start":{"line":9,"column":2},"end":{"line":22,"column":null}},"2":{"start":{"line":10,"column":4},"end":{"line":10,"column":null}},"3":{"start":{"line":10,"column":100},"end":{"line":10,"column":null}},"4":{"start":{"line":11,"column":4},"end":{"line":19,"column":null}},"5":{"start":{"line":13,"column":22},"end":{"line":13,"column":80}},"6":{"start":{"line":16,"column":10},"end":{"line":18,"column":17}},"7":{"start":{"line":21,"column":4},"end":{"line":21,"column":null}},"8":{"start":{"line":21,"column":40},"end":{"line":21,"column":46}},"9":{"start":{"line":21,"column":59},"end":{"line":21,"column":110}},"10":{"start":{"line":23,"column":2},"end":{"line":23,"column":null}},"11":{"start":{"line":23,"column":49},"end":{"line":23,"column":54}},"12":{"start":{"line":6,"column":0},"end":{"line":6,"column":16}}},"fnMap":{"0":{"name":"getNetworkMbps","decl":{"start":{"line":6,"column":16},"end":{"line":6,"column":30}},"loc":{"start":{"line":6,"column":54},"end":{"line":24,"column":1}}},"1":{"name":"(anonymous_1)","decl":{"start":{"line":13,"column":14},"end":{"line":13,"column":15}},"loc":{"start":{"line":13,"column":22},"end":{"line":13,"column":80}}},"2":{"name":"(anonymous_2)","decl":{"start":{"line":15,"column":8},"end":{"line":15,"column":9}},"loc":{"start":{"line":16,"column":10},"end":{"line":18,"column":17}}},"3":{"name":"(anonymous_3)","decl":{"start":{"line":21,"column":33},"end":{"line":21,"column":34}},"loc":{"start":{"line":21,"column":40},"end":{"line":21,"column":46}}},"4":{"name":"(anonymous_4)","decl":{"start":{"line":21,"column":52},"end":{"line":21,"column":53}},"loc":{"start":{"line":21,"column":59},"end":{"line":21,"column":110}}},"5":{"name":"(anonymous_5)","decl":{"start":{"line":23,"column":39},"end":{"line":23,"column":40}},"loc":{"start":{"line":23,"column":49},"end":{"line":23,"column":54}}}},"branchMap":{"0":{"loc":{"start":{"line":9,"column":2},"end":{"line":22,"column":null}},"type":"if","locations":[{"start":{"line":9,"column":2},"end":{"line":22,"column":null}},{"start":{"line":9,"column":2},"end":{"line":22,"column":null}}]},"1":{"loc":{"start":{"line":10,"column":4},"end":{"line":10,"column":null}},"type":"if","locations":[{"start":{"line":10,"column":4},"end":{"line":10,"column":null}},{"start":{"line":10,"column":4},"end":{"line":10,"column":null}}]},"2":{"loc":{"start":{"line":10,"column":8},"end":{"line":10,"column":35}},"type":"binary-expr","locations":[{"start":{"line":10,"column":8},"end":{"line":10,"column":35}},{"start":{"line":10,"column":39},"end":{"line":10,"column":58}},{"start":{"line":10,"column":62},"end":{"line":10,"column":98}}]},"3":{"loc":{"start":{"line":13,"column":22},"end":{"line":13,"column":66}},"type":"binary-expr","locations":[{"start":{"line":13,"column":22},"end":{"line":13,"column":66}},{"start":{"line":13,"column":70},"end":{"line":13,"column":80}}]}},"s":{"0":1,"1":1,"2":1,"3":1,"4":0,"5":0,"6":0,"7":0,"8":0,"9":0,"10":0,"11":0,"12":1},"f":{"0":1,"1":0,"2":0,"3":0,"4":0,"5":0},"b":{"0":[1,0],"1":[1,0],"2":[1,1,1],"3":[0,0]}}
}
