{"/Users/david.hayes/Code/experiments/analytics/src/client.ts": {"path":"/Users/david.hayes/Code/experiments/analytics/src/client.ts","statementMap":{"0":{"start":{"line":1,"column":0},"end":{"line":1,"column":56}},"1":{"start":{"line":2,"column":0},"end":{"line":2,"column":62}},"2":{"start":{"line":10,"column":18},"end":{"line":10,"column":30}},"3":{"start":{"line":12,"column":34},"end":{"line":15,"column":null}},"4":{"start":{"line":17,"column":24},"end":{"line":17,"column":75}},"5":{"start":{"line":18,"column":2},"end":{"line":18,"column":null}},"6":{"start":{"line":20,"column":2},"end":{"line":20,"column":null}},"7":{"start":{"line":9,"column":0},"end":{"line":9,"column":24}}},"fnMap":{"0":{"name":"createClient","decl":{"start":{"line":9,"column":24},"end":{"line":9,"column":36}},"loc":{"start":{"line":9,"column":36},"end":{"line":21,"column":1}}}},"branchMap":{},"s":{"0":2,"1":2,"2":2,"3":2,"4":2,"5":2,"6":2,"7":2},"f":{"0":2},"b":{}}
,"/Users/david.hayes/Code/experiments/analytics/src/context/index.ts": {"path":"/Users/david.hayes/Code/experiments/analytics/src/context/index.ts","statementMap":{"0":{"start":{"line":1,"column":0},"end":{"line":1,"column":32}},"1":{"start":{"line":2,"column":0},"end":{"line":2,"column":40}},"2":{"start":{"line":71,"column":13},"end":{"line":71,"column":57}},"3":{"start":{"line":72,"column":17},"end":{"line":72,"column":69}},"4":{"start":{"line":73,"column":19},"end":{"line":73,"column":36}},"5":{"start":{"line":74,"column":17},"end":{"line":74,"column":41}},"6":{"start":{"line":76,"column":2},"end":{"line":95,"column":null}},"7":{"start":{"line":70,"column":0},"end":{"line":70,"column":16}}},"fnMap":{"0":{"name":"getContext","decl":{"start":{"line":70,"column":16},"end":{"line":70,"column":26}},"loc":{"start":{"line":70,"column":26},"end":{"line":96,"column":1}}}},"branchMap":{"0":{"loc":{"start":{"line":83,"column":13},"end":{"line":83,"column":32}},"type":"binary-expr","locations":[{"start":{"line":83,"column":13},"end":{"line":83,"column":32}},{"start":{"line":83,"column":36},"end":{"line":83,"column":40}}]},"1":{"loc":{"start":{"line":84,"column":20},"end":{"line":84,"column":42}},"type":"binary-expr","locations":[{"start":{"line":84,"column":20},"end":{"line":84,"column":42}},{"start":{"line":84,"column":46},"end":{"line":84,"column":50}}]}},"s":{"0":2,"1":2,"2":2,"3":2,"4":2,"5":2,"6":2,"7":2},"f":{"0":2},"b":{"0":[2,0],"1":[2,0]}}
,"/Users/david.hayes/Code/experiments/analytics/src/context/utils.ts": {"path":"/Users/david.hayes/Code/experiments/analytics/src/context/utils.ts","statementMap":{"0":{"start":{"line":7,"column":30},"end":{"line":7,"column":32}},"1":{"start":{"line":9,"column":2},"end":{"line":22,"column":null}},"2":{"start":{"line":10,"column":4},"end":{"line":10,"column":null}},"3":{"start":{"line":10,"column":100},"end":{"line":10,"column":null}},"4":{"start":{"line":11,"column":4},"end":{"line":19,"column":null}},"5":{"start":{"line":13,"column":22},"end":{"line":13,"column":80}},"6":{"start":{"line":16,"column":10},"end":{"line":18,"column":17}},"7":{"start":{"line":21,"column":4},"end":{"line":21,"column":null}},"8":{"start":{"line":21,"column":40},"end":{"line":21,"column":46}},"9":{"start":{"line":21,"column":59},"end":{"line":21,"column":110}},"10":{"start":{"line":23,"column":2},"end":{"line":23,"column":null}},"11":{"start":{"line":23,"column":49},"end":{"line":23,"column":54}},"12":{"start":{"line":6,"column":0},"end":{"line":6,"column":16}}},"fnMap":{"0":{"name":"getNetworkMbps","decl":{"start":{"line":6,"column":16},"end":{"line":6,"column":30}},"loc":{"start":{"line":6,"column":54},"end":{"line":24,"column":1}}},"1":{"name":"(anonymous_1)","decl":{"start":{"line":13,"column":14},"end":{"line":13,"column":15}},"loc":{"start":{"line":13,"column":22},"end":{"line":13,"column":80}}},"2":{"name":"(anonymous_2)","decl":{"start":{"line":15,"column":8},"end":{"line":15,"column":9}},"loc":{"start":{"line":16,"column":10},"end":{"line":18,"column":17}}},"3":{"name":"(anonymous_3)","decl":{"start":{"line":21,"column":33},"end":{"line":21,"column":34}},"loc":{"start":{"line":21,"column":40},"end":{"line":21,"column":46}}},"4":{"name":"(anonymous_4)","decl":{"start":{"line":21,"column":52},"end":{"line":21,"column":53}},"loc":{"start":{"line":21,"column":59},"end":{"line":21,"column":110}}},"5":{"name":"(anonymous_5)","decl":{"start":{"line":23,"column":39},"end":{"line":23,"column":40}},"loc":{"start":{"line":23,"column":49},"end":{"line":23,"column":54}}}},"branchMap":{"0":{"loc":{"start":{"line":9,"column":2},"end":{"line":22,"column":null}},"type":"if","locations":[{"start":{"line":9,"column":2},"end":{"line":22,"column":null}},{"start":{"line":9,"column":2},"end":{"line":22,"column":null}}]},"1":{"loc":{"start":{"line":10,"column":4},"end":{"line":10,"column":null}},"type":"if","locations":[{"start":{"line":10,"column":4},"end":{"line":10,"column":null}},{"start":{"line":10,"column":4},"end":{"line":10,"column":null}}]},"2":{"loc":{"start":{"line":10,"column":8},"end":{"line":10,"column":35}},"type":"binary-expr","locations":[{"start":{"line":10,"column":8},"end":{"line":10,"column":35}},{"start":{"line":10,"column":39},"end":{"line":10,"column":58}},{"start":{"line":10,"column":62},"end":{"line":10,"column":98}}]},"3":{"loc":{"start":{"line":13,"column":22},"end":{"line":13,"column":66}},"type":"binary-expr","locations":[{"start":{"line":13,"column":22},"end":{"line":13,"column":66}},{"start":{"line":13,"column":70},"end":{"line":13,"column":80}}]}},"s":{"0":3,"1":3,"2":2,"3":2,"4":0,"5":0,"6":0,"7":1,"8":2,"9":2,"10":1,"11":1,"12":2},"f":{"0":3,"1":0,"2":0,"3":2,"4":2,"5":1},"b":{"0":[2,1],"1":[2,0],"2":[2,2,2],"3":[0,0]}}
,"/Users/david.hayes/Code/experiments/analytics/src/events/index.ts": {"path":"/Users/david.hayes/Code/experiments/analytics/src/events/index.ts","statementMap":{"0":{"start":{"line":1,"column":0},"end":{"line":1,"column":26}},"1":{"start":{"line":2,"column":0},"end":{"line":2,"column":33}},"2":{"start":{"line":5,"column":0},"end":{"line":5,"column":null}},"3":{"start":{"line":6,"column":2},"end":{"line":6,"column":null}},"4":{"start":{"line":7,"column":2},"end":{"line":7,"column":null}},"5":{"start":{"line":8,"column":2},"end":{"line":8,"column":null}},"6":{"start":{"line":30,"column":2},"end":{"line":37,"column":null}},"7":{"start":{"line":25,"column":0},"end":{"line":25,"column":16}},"8":{"start":{"line":49,"column":18},"end":{"line":49,"column":null}},"9":{"start":{"line":52,"column":32},"end":{"line":59,"column":null}},"10":{"start":{"line":62,"column":2},"end":{"line":65,"column":null}},"11":{"start":{"line":63,"column":4},"end":{"line":63,"column":null}},"12":{"start":{"line":64,"column":4},"end":{"line":64,"column":null}},"13":{"start":{"line":64,"column":37},"end":{"line":64,"column":null}},"14":{"start":{"line":68,"column":2},"end":{"line":70,"column":null}},"15":{"start":{"line":69,"column":4},"end":{"line":69,"column":null}},"16":{"start":{"line":72,"column":2},"end":{"line":72,"column":null}},"17":{"start":{"line":40,"column":0},"end":{"line":40,"column":16}},"18":{"start":{"line":83,"column":2},"end":{"line":83,"column":99}},"19":{"start":{"line":75,"column":0},"end":{"line":75,"column":16}}},"fnMap":{"0":{"name":"(anonymous_1)","decl":{"start":{"line":5,"column":0},"end":{"line":5,"column":12}},"loc":{"start":{"line":5,"column":22},"end":{"line":9,"column":1}}},"1":{"name":"createPageViewEvent","decl":{"start":{"line":25,"column":16},"end":{"line":25,"column":35}},"loc":{"start":{"line":29,"column":1},"end":{"line":38,"column":1}}},"2":{"name":"createActionEvent","decl":{"start":{"line":40,"column":16},"end":{"line":40,"column":33}},"loc":{"start":{"line":47,"column":1},"end":{"line":73,"column":1}}},"3":{"name":"createClickEvent","decl":{"start":{"line":75,"column":16},"end":{"line":75,"column":32}},"loc":{"start":{"line":82,"column":1},"end":{"line":84,"column":1}}}},"branchMap":{"0":{"loc":{"start":{"line":5,"column":12},"end":{"line":5,"column":22}},"type":"binary-expr","locations":[{"start":{"line":5,"column":12},"end":{"line":5,"column":22}},{"start":{"line":5,"column":12},"end":{"line":5,"column":null}}]},"1":{"loc":{"start":{"line":49,"column":18},"end":{"line":49,"column":33}},"type":"binary-expr","locations":[{"start":{"line":49,"column":18},"end":{"line":49,"column":33}},{"start":{"line":49,"column":38},"end":{"line":49,"column":71}}]},"2":{"loc":{"start":{"line":49,"column":51},"end":{"line":49,"column":53}},"type":"cond-expr","locations":[{"start":{"line":49,"column":51},"end":{"line":49,"column":53}},{"start":{"line":49,"column":51},"end":{"line":49,"column":71}}]},"3":{"loc":{"start":{"line":49,"column":38},"end":{"line":49,"column":53}},"type":"binary-expr","locations":[{"start":{"line":49,"column":38},"end":{"line":49,"column":53}},{"start":{"line":49,"column":51},"end":{"line":49,"column":53}}]},"4":{"loc":{"start":{"line":54,"column":11},"end":{"line":54,"column":24}},"type":"binary-expr","locations":[{"start":{"line":54,"column":11},"end":{"line":54,"column":24}},{"start":{"line":54,"column":28},"end":{"line":54,"column":36}}]},"5":{"loc":{"start":{"line":58,"column":15},"end":{"line":58,"column":32}},"type":"binary-expr","locations":[{"start":{"line":58,"column":15},"end":{"line":58,"column":32}},{"start":{"line":58,"column":36},"end":{"line":58,"column":56}}]},"6":{"loc":{"start":{"line":62,"column":2},"end":{"line":65,"column":null}},"type":"if","locations":[{"start":{"line":62,"column":2},"end":{"line":65,"column":null}},{"start":{"line":62,"column":2},"end":{"line":65,"column":null}}]},"7":{"loc":{"start":{"line":64,"column":4},"end":{"line":64,"column":null}},"type":"if","locations":[{"start":{"line":64,"column":4},"end":{"line":64,"column":null}},{"start":{"line":64,"column":4},"end":{"line":64,"column":null}}]},"8":{"loc":{"start":{"line":68,"column":2},"end":{"line":70,"column":null}},"type":"if","locations":[{"start":{"line":68,"column":2},"end":{"line":70,"column":null}},{"start":{"line":68,"column":2},"end":{"line":70,"column":null}}]},"9":{"loc":{"start":{"line":68,"column":6},"end":{"line":68,"column":18}},"type":"binary-expr","locations":[{"start":{"line":68,"column":6},"end":{"line":68,"column":18}},{"start":{"line":68,"column":22},"end":{"line":68,"column":54}}]},"10":{"loc":{"start":{"line":83,"column":49},"end":{"line":83,"column":62}},"type":"binary-expr","locations":[{"start":{"line":83,"column":49},"end":{"line":83,"column":62}},{"start":{"line":83,"column":66},"end":{"line":83,"column":73}}]}},"s":{"0":2,"1":2,"2":2,"3":2,"4":2,"5":2,"6":2,"7":2,"8":0,"9":0,"10":0,"11":0,"12":0,"13":0,"14":0,"15":0,"16":0,"17":2,"18":0,"19":2},"f":{"0":2,"1":2,"2":0,"3":0},"b":{"0":[2,2],"1":[0,0],"2":[0,0],"3":[0,0],"4":[0,0],"5":[0,0],"6":[0,0],"7":[0,0],"8":[0,0],"9":[0,0],"10":[0,0]}}
,"/Users/david.hayes/Code/experiments/analytics/tests/unit/helpers/setup.ts": {"path":"/Users/david.hayes/Code/experiments/analytics/tests/unit/helpers/setup.ts","statementMap":{"0":{"start":{"line":1,"column":0},"end":{"line":1,"column":51}},"1":{"start":{"line":3,"column":0},"end":{"line":3,"column":61}},"2":{"start":{"line":6,"column":13},"end":{"line":7,"column":null}},"3":{"start":{"line":8,"column":13},"end":{"line":8,"column":null}},"4":{"start":{"line":9,"column":13},"end":{"line":10,"column":null}},"5":{"start":{"line":14,"column":2},"end":{"line":14,"column":null}},"6":{"start":{"line":16,"column":2},"end":{"line":16,"column":null}},"7":{"start":{"line":18,"column":2},"end":{"line":18,"column":null}},"8":{"start":{"line":21,"column":2},"end":{"line":21,"column":null}},"9":{"start":{"line":12,"column":0},"end":{"line":12,"column":16}}},"fnMap":{"0":{"name":"setupEnvironment","decl":{"start":{"line":12,"column":16},"end":{"line":12,"column":32}},"loc":{"start":{"line":12,"column":32},"end":{"line":22,"column":1}}}},"branchMap":{},"s":{"0":2,"1":2,"2":2,"3":2,"4":2,"5":2,"6":2,"7":2,"8":2,"9":2},"f":{"0":2},"b":{}}
}
