TN:
SF:src/client.ts
FN:9,createClient
FNF:1
FNH:1
FNDA:2,createClient
DA:1,2
DA:2,2
DA:9,2
DA:10,2
DA:12,2
DA:17,2
DA:18,2
DA:20,2
DA:22,2
LF:9
LH:9
BRF:0
BRH:0
end_of_record
TN:
SF:src/context/index.ts
FN:70,getContext
FNF:1
FNH:1
FNDA:2,getContext
DA:1,2
DA:2,2
DA:70,2
DA:71,2
DA:72,2
DA:73,2
DA:74,2
DA:76,2
LF:8
LH:8
BRDA:83,0,0,2
BRDA:83,0,1,0
BRDA:84,1,0,2
BRDA:84,1,1,0
BRF:4
BRH:2
end_of_record
TN:
SF:src/context/utils.ts
FN:6,getNetworkMbps
FN:13,(anonymous_1)
FN:15,(anonymous_2)
FN:21,(anonymous_3)
FN:21,(anonymous_4)
FN:23,(anonymous_5)
FNF:6
FNH:4
FNDA:3,getNetworkMbps
FNDA:0,(anonymous_1)
FNDA:0,(anonymous_2)
FNDA:2,(anonymous_3)
FNDA:2,(anonymous_4)
FNDA:1,(anonymous_5)
DA:6,2
DA:7,3
DA:9,3
DA:10,2
DA:11,0
DA:13,0
DA:16,0
DA:21,2
DA:23,1
LF:9
LH:6
BRDA:9,0,0,2
BRDA:9,0,1,1
BRDA:10,1,0,2
BRDA:10,1,1,0
BRDA:10,2,0,2
BRDA:10,2,1,2
BRDA:10,2,2,2
BRDA:13,3,0,0
BRDA:13,3,1,0
BRF:9
BRH:6
end_of_record
TN:
SF:src/events/index.ts
FN:5,(anonymous_1)
FN:25,createPageViewEvent
FN:40,createActionEvent
FN:75,createClickEvent
FNF:4
FNH:2
FNDA:2,(anonymous_1)
FNDA:2,createPageViewEvent
FNDA:0,createActionEvent
FNDA:0,createClickEvent
DA:1,2
DA:2,2
DA:5,2
DA:6,2
DA:7,2
DA:8,2
DA:25,2
DA:30,2
DA:40,2
DA:49,0
DA:52,0
DA:62,0
DA:63,0
DA:64,0
DA:68,0
DA:69,0
DA:72,0
DA:75,2
DA:83,0
LF:19
LH:10
BRDA:5,0,0,2
BRDA:5,0,1,2
BRDA:49,1,0,0
BRDA:49,1,1,0
BRDA:49,2,0,0
BRDA:49,2,1,0
BRDA:49,3,0,0
BRDA:49,3,1,0
BRDA:54,4,0,0
BRDA:54,4,1,0
BRDA:58,5,0,0
BRDA:58,5,1,0
BRDA:62,6,0,0
BRDA:62,6,1,0
BRDA:64,7,0,0
BRDA:64,7,1,0
BRDA:68,8,0,0
BRDA:68,8,1,0
BRDA:68,9,0,0
BRDA:68,9,1,0
BRDA:83,10,0,0
BRDA:83,10,1,0
BRF:22
BRH:2
end_of_record
TN:
SF:tests/unit/helpers/setup.ts
FN:12,setupEnvironment
FNF:1
FNH:1
FNDA:2,setupEnvironment
DA:1,2
DA:3,2
DA:6,2
DA:8,2
DA:9,2
DA:12,2
DA:14,2
DA:16,2
DA:18,2
DA:21,2
LF:10
LH:10
BRF:0
BRH:0
end_of_record
