TN:
SF:src/client.ts
FN:9,createClient
FNF:1
FNH:1
FNDA:1,createClient
DA:1,1
DA:9,1
DA:10,1
DA:12,1
DA:17,1
LF:5
LH:5
BRF:0
BRH:0
end_of_record
TN:
SF:src/context/index.ts
FN:70,getContext
FNF:1
FNH:1
FNDA:1,getContext
DA:1,1
DA:2,1
DA:70,1
DA:71,1
DA:73,1
DA:74,1
DA:75,1
DA:76,1
DA:78,1
LF:9
LH:9
BRDA:71,0,0,0
BRDA:71,0,1,1
BRDA:85,1,0,1
BRDA:85,1,1,0
BRDA:86,2,0,1
BRDA:86,2,1,0
BRF:6
BRH:3
end_of_record
TN:
SF:src/context/utils.ts
FN:6,getNetworkMbps
FN:13,(anonymous_1)
FN:15,(anonymous_2)
FN:21,(anonymous_3)
FN:21,(anonymous_4)
FN:23,(anonymous_5)
FNF:6
FNH:1
FNDA:1,getNetworkMbps
FNDA:0,(anonymous_1)
FNDA:0,(anonymous_2)
FNDA:0,(anonymous_3)
FNDA:0,(anonymous_4)
FNDA:0,(anonymous_5)
DA:6,1
DA:7,1
DA:9,1
DA:10,1
DA:11,0
DA:13,0
DA:16,0
DA:21,0
DA:23,0
LF:9
LH:4
BRDA:9,0,0,1
BRDA:9,0,1,0
BRDA:10,1,0,1
BRDA:10,1,1,0
BRDA:10,2,0,1
BRDA:10,2,1,1
BRDA:10,2,2,1
BRDA:13,3,0,0
BRDA:13,3,1,0
BRF:9
BRH:5
end_of_record
